[www.corbes.eu/index.html]
[static.wixstatic.com/media/5f9a03_f09d382daa804ee6bea952f767534dea_mv2.jpg/v1/fill/w_192,h_192,lg_1,usm_0.66_1.00_0.01/5f9a03_f09d382daa804ee6bea952f767534dea_mv2.jpg]
[static.wixstatic.com/media/5f9a03_f09d382daa804ee6bea952f767534dea_mv2.jpg/v1/fill/w_32,h_32,lg_1,usm_0.66_1.00_0.01/5f9a03_f09d382daa804ee6bea952f767534dea_mv2.jpg]
[static.wixstatic.com/media/5f9a03_f09d382daa804ee6bea952f767534dea_mv2.jpg/v1/fill/w_180,h_180,lg_1,usm_0.66_1.00_0.01/5f9a03_f09d382daa804ee6bea952f767534dea_mv2.jpg]
[static.parastorage.com/unpkg/core-js-bundle@3.2.1/minified.js]
[static.parastorage.com/unpkg/focus-within-polyfill@5.0.9/dist/focus-within-polyfill.js]
[backblue.gif]
[fade.gif]
[index.html]
[polyfill-fastly.io/v3/polyfill.mind82c.js]
[www.corbes.eu/c.6.delayed]
[www.corbes.eu/t.7.delayed]
[static.parastorage.com/services/editor-elements-library/dist/thunderbolt/media/sloppyframe.d2412ec4.png]
[www.corbes.eu/indexe68f.html]
[www.corbes.eu/index9ed2.html]
[www.corbes.eu/blog-feed.xml]
[static.wixstatic.com/media/5f9a03_a2944699dd70416ba5e4d582ffb3186a_mv2.jpg/v1/fill/w_216,h_288,al_c,q_80,usm_0.66_1.00_0.01,blur_2,enc_auto/5f9a03_a2944699dd70416ba5e4d582ffb3186a_mv2.jpg]
[static.wixstatic.com/media/5f9a03_7af6fff0bc314f11bc1583f9d5c3a8c8_mv2.jpg/v1/fill/w_79,h_79,al_c,q_80,usm_0.66_1.00_0.01,enc_auto/icon.jpg]
[www.corbes.eu/kamers.html]
[www.corbes.eu/vakantiehuis.html]
[static.wixstatic.com/media/5f9a03_3b498034d9724e08bc540c524b6696be_mv2.jpg/v1/fill/w_100,h_75,al_c,q_80,usm_0.66_1.00_0.01,blur_2,enc_auto/5f9a03_3b498034d9724e08bc540c524b6696be_mv2.jpg]
[www.corbes.eu/eventlocatie.html]
[static.wixstatic.com/media/5f9a03_f6187d41c2004ebb804bd0828fe87d80_mv2.jpg/v1/crop/x_0,y_141,w_1038,h_1087/fill/w_250,h_260,al_c,q_80,usm_0.66_1.00_0.01,enc_auto/Henk_JPG.jpg]
[static.wixstatic.com/media/5f9a03_b69e6469a6d54f5f8ee45a3a95c4e43a_mv2.jpg/v1/fill/w_110,h_73,al_c,q_80,usm_0.66_1.00_0.01,blur_2,enc_auto/5f9a03_b69e6469a6d54f5f8ee45a3a95c4e43a_mv2.jpg]
[static.wixstatic.com/media/5f9a03_7f008bab26b848aca726c187caf92aaa_mv2.jpg/v1/fill/w_98,h_73,al_c,q_80,usm_0.66_1.00_0.01,blur_2,enc_auto/5f9a03_7f008bab26b848aca726c187caf92aaa_mv2.jpg]
[static.wixstatic.com/media/5f9a03_ad82a02f90714823a3d312bb5063ef6a_mv2.jpg/v1/fill/w_103,h_77,al_c,q_80,usm_0.66_1.00_0.01,blur_2,enc_auto/5f9a03_ad82a02f90714823a3d312bb5063ef6a_mv2.jpg]
[static.wixstatic.com/media/83524445ca90408594501cacb2567307.jpg/v1/fill/w_79,h_71,al_c,q_80,usm_0.66_1.00_0.01,blur_2,enc_auto/83524445ca90408594501cacb2567307.jpg]
[static.wixstatic.com/media/df81d0146a554f6c9a51a21ae7d95d4f.jpg/v1/fill/w_77,h_51,al_c,q_80,usm_0.66_1.00_0.01,blur_2,enc_auto/df81d0146a554f6c9a51a21ae7d95d4f.jpg]
[static.wixstatic.com/media/035244_eac0cb69cd9842838188176a1cf524a6_mv2_d_5/v1/fill/w_77,h_51,al_c,q_80,usm_0.66_1.00_0.01,blur_2,e/035244_eac0cb69cd9842838188176a1cf524a6_mv2_d_5122_3415_s_4_2.jpg]
[www.corbes.eu/media/emptystate.85a4add5.17.delayed]
[static.wixstatic.com/media/5f9a03_e5fe43cd232741e987059aee8b1bee11_mv2.jpg/v1/fit/w_960,h_720,q_90/5f9a03_e5fe43cd232741e987059aee8b1bee11_mv2.jpg]
[static.wixstatic.com/media/5f9a03_7e59938e1c9b4ae7a9ac985d33bd62f7_mv2.jpg/v1/fit/w_960,h_720,q_90/5f9a03_7e59938e1c9b4ae7a9ac985d33bd62f7_mv2.jpg]
[static.wixstatic.com/media/5f9a03_ebd865ff69234644b6150aefe52bbbc0_mv2.jpg/v1/fit/w_480,h_640,q_90/5f9a03_ebd865ff69234644b6150aefe52bbbc0_mv2.jpg]
[static.wixstatic.com/media/5f9a03_0c86d189b02449d79a7221af94fbd14b_mv2.jpg/v1/fit/w_960,h_720,q_90/5f9a03_0c86d189b02449d79a7221af94fbd14b_mv2.jpg]
[static.wixstatic.com/media/5f9a03_f76017454446491ebde34a0a5749238d_mv2.jpg/v1/fit/w_960,h_720,q_90/5f9a03_f76017454446491ebde34a0a5749238d_mv2.jpg]
[static.wixstatic.com/media/5f9a03_bb56890fd0eb4fafabe1a06b63d2aa0a_mv2.jpg/v1/fit/w_480,h_480,q_90/5f9a03_bb56890fd0eb4fafabe1a06b63d2aa0a_mv2.jpg]
[static.wixstatic.com/media/5f9a03_da1dba9f7b954bceb98a7db39d37c32f_mv2.jpg/v1/fit/w_960,h_640,q_90/5f9a03_da1dba9f7b954bceb98a7db39d37c32f_mv2.jpg]
[static.wixstatic.com/media/5f9a03_6aef16b0cecd4d1b9bfe5bbade215601_mv2.jpg/v1/fit/w_960,h_640,q_90/5f9a03_6aef16b0cecd4d1b9bfe5bbade215601_mv2.jpg]
[static.wixstatic.com/media/5f9a03_b0efb87974644ff9b36374c06967a1bf_mv2.jpg/v1/fit/w_960,h_626,q_90/5f9a03_b0efb87974644ff9b36374c06967a1bf_mv2.jpg]
[static.wixstatic.com/media/5f9a03_fcaaea8623354d8ea7a4efad53962de7_mv2.jpg/v1/fit/w_960,h_640,q_90/5f9a03_fcaaea8623354d8ea7a4efad53962de7_mv2.jpg]
[static.wixstatic.com/media/5f9a03_abddbc549c194f9cab2af0f71634b90e_mv2.jpg/v1/fit/w_960,h_640,q_90/5f9a03_abddbc549c194f9cab2af0f71634b90e_mv2.jpg]
[static.wixstatic.com/media/5f9a03_d19d078dec2645c99746ffd9fe8a8c2f_mv2.jpg/v1/fit/w_960,h_513,q_90/5f9a03_d19d078dec2645c99746ffd9fe8a8c2f_mv2.jpg]
[static.wixstatic.com/media/5f9a03_a9f8f084640c4de6bbe3caf0d6615c4e_mv2.jpg/v1/fit/w_960,h_640,q_90/5f9a03_a9f8f084640c4de6bbe3caf0d6615c4e_mv2.jpg]
[static.wixstatic.com/media/5f9a03_cc82b27f28e44fd49c8e5cb659d6e9c4_mv2.jpg/v1/fit/w_960,h_640,q_90/5f9a03_cc82b27f28e44fd49c8e5cb659d6e9c4_mv2.jpg]
[browser.sentry-cdn.com/6.18.2/bundle.min.js]
[www.corbes.eu/sitemap.xml]
[www.corbes.eu/feed.28.delayed]
[www.corbes.eu/${i.29.delayed]
[static.parastorage.com/services/wix-thunderbolt/dist/thunderbolt-commons.a788914e.bundle.min.js]
[static.parastorage.com/services/wix-thunderbolt/dist/main.1adb5ce4.bundle.min.js]
[static.parastorage.com/services/wix-thunderbolt/dist/main.renderer.1d21f023.bundle.min.js]
[static.parastorage.com/unpkg/lodash@4.17.21/lodash.min.js]
[static.parastorage.com/unpkg/react@18.3.1/umd/react.production.min.js]
[static.parastorage.com/unpkg/react-dom@18.3.1/umd/react-dom.production.min.js]
[www.corbes.eu/decodeURIComponent(e.30.delayed]
[www.corbes.eu/index.html]
[www.corbes.eu/c.html]
[www.corbes.eu/t.html]
[static.parastorage.com/services/tag-manager-client/1.875.0/siteTags.bundle.min.js]
[www.corbes.eu/kamers9ed2.html]
[www.corbes.eu/vakantiehuis9ed2.html]
[www.corbes.eu/eventlocatie9ed2.html]
[static.parastorage.com/services/wix-thunderbolt/dist/thunderbolt-commons.ef342c25.bundle.min.js]
[www.corbes.eu/index9ed2.html]
[static.parastorage.com/services/wix-thunderbolt/dist/main.ffa2f90d.bundle.min.js]
[www.corbes.eu/kamerse68f.html]
[www.corbes.eu/vakantiehuise68f.html]
[www.corbes.eu/eventlocatiee68f.html]
[static.parastorage.com/services/wix-thunderbolt/dist/thunderbolt-commons.5f3ef9f8.bundle.min.js]
[www.corbes.eu/indexe68f.html]
[static.parastorage.com/services/wix-thunderbolt/dist/main.055801ac.bundle.min.js]
[static.wixstatic.com/media/5f9a03_a2944699dd70416ba5e4d582ffb3186a_mv2.jpg/v1/crop/x_0,y_679,w_3648,h_2678/fill/w_393,h_288,al_c,q_80,usm_0.66_1.00_0.01,enc_auto/P5090599.jpg]
[static.wixstatic.com/media/5f9a03_a2944699dd70416ba5e4d582ffb3186a_mv2.jpg/v1/fit/w_480,h_641,q_90/5f9a03_a2944699dd70416ba5e4d582ffb3186a_mv2.jpg]
[static.wixstatic.com/media/5f9a03_d8190e04c702409db514d09aa57dd698_mv2.jpg/v1/fit/w_960,h_639,q_90/5f9a03_d8190e04c702409db514d09aa57dd698_mv2.jpg]
[static.wixstatic.com/media/5f9a03_bb964f675f52464bb413632223695411_mv2.jpg/v1/fit/w_960,h_639,q_90/5f9a03_bb964f675f52464bb413632223695411_mv2.jpg]
[static.wixstatic.com/media/5f9a03_492467fdd74c4ccfa11348f6eadeb03a_mv2.jpg/v1/fit/w_960,h_639,q_90/5f9a03_492467fdd74c4ccfa11348f6eadeb03a_mv2.jpg]
[static.wixstatic.com/media/5f9a03_607ce69d009748228c5b46c25bb31fdc_mv2.jpg/v1/fit/w_480,h_721,q_90/5f9a03_607ce69d009748228c5b46c25bb31fdc_mv2.jpg]
[static.wixstatic.com/media/5f9a03_e0220ec005cb4f4fbf0ecca5fd51182b_mv2.jpg/v1/fit/w_960,h_639,q_90/5f9a03_e0220ec005cb4f4fbf0ecca5fd51182b_mv2.jpg]
[static.wixstatic.com/media/5f9a03_c312f89b7dcf412687a985c46c65952b_mv2.jpg/v1/fit/w_960,h_640,q_90/5f9a03_c312f89b7dcf412687a985c46c65952b_mv2.jpg]
[static.wixstatic.com/media/5f9a03_a49137eb83be4df4a611ee6f8a9fc515_mv2.jpg/v1/fit/w_480,h_721,q_90/5f9a03_a49137eb83be4df4a611ee6f8a9fc515_mv2.jpg]
[static.wixstatic.com/media/5f9a03_b69e6469a6d54f5f8ee45a3a95c4e43a_mv2.jpg/v1/fit/w_960,h_640,q_90/5f9a03_b69e6469a6d54f5f8ee45a3a95c4e43a_mv2.jpg]
[static.wixstatic.com/media/5f9a03_a8e9b4de051d4936ba59252daa114a17_mv2.jpg/v1/fit/w_960,h_720,q_90/5f9a03_a8e9b4de051d4936ba59252daa114a17_mv2.jpg]
[static.wixstatic.com/media/5f9a03_a8125fc2e7e9471caf13c9aa1cce5540_mv2.jpg/v1/fit/w_960,h_720,q_90/5f9a03_a8125fc2e7e9471caf13c9aa1cce5540_mv2.jpg]
[static.wixstatic.com/media/5f9a03_fe4e2fdd9ac944febdfcf4bb1dc5e827_mv2.jpg/v1/fit/w_960,h_720,q_90/5f9a03_fe4e2fdd9ac944febdfcf4bb1dc5e827_mv2.jpg]
[static.wixstatic.com/media/5f9a03_d8190e04c702409db514d09aa57dd698_mv2.jpg/v1/fill/w_306,h_133,q_90/5f9a03_d8190e04c702409db514d09aa57dd698_mv2.jpg]
[static.wixstatic.com/media/5f9a03_a8125fc2e7e9471caf13c9aa1cce5540_mv2.jpg/v1/fill/w_306,h_133,q_90/5f9a03_a8125fc2e7e9471caf13c9aa1cce5540_mv2.jpg]
[static.wixstatic.com/media/5f9a03_d8190e04c702409db514d09aa57dd698_mv2.jpg/v1/fill/w_80,h_80,q_70/5f9a03_d8190e04c702409db514d09aa57dd698_mv2.jpg]
[static.wixstatic.com/media/5f9a03_a8125fc2e7e9471caf13c9aa1cce5540_mv2.jpg/v1/fill/w_80,h_80,q_70/5f9a03_a8125fc2e7e9471caf13c9aa1cce5540_mv2.jpg]
[static.wixstatic.com/media/5f9a03_fe4e2fdd9ac944febdfcf4bb1dc5e827_mv2.jpg/v1/fill/w_80,h_80,q_70/5f9a03_fe4e2fdd9ac944febdfcf4bb1dc5e827_mv2.jpg]
[static.wixstatic.com/media/5f9a03_62192235ab174d9b9fa0f0aab94c095b_mv2.jpg/v1/fill/w_80,h_80,q_70/5f9a03_62192235ab174d9b9fa0f0aab94c095b_mv2.jpg]
[static.wixstatic.com/media/5f9a03_bb964f675f52464bb413632223695411_mv2.jpg/v1/fill/w_306,h_133,q_90/5f9a03_bb964f675f52464bb413632223695411_mv2.jpg]
[static.wixstatic.com/media/5f9a03_17e0f40d9299476aa53834e27a47729b_mv2.jpg/v1/fill/w_306,h_133,q_90/5f9a03_17e0f40d9299476aa53834e27a47729b_mv2.jpg]
[static.wixstatic.com/media/5f9a03_bb964f675f52464bb413632223695411_mv2.jpg/v1/fill/w_80,h_80,q_70/5f9a03_bb964f675f52464bb413632223695411_mv2.jpg]
[static.wixstatic.com/media/5f9a03_17e0f40d9299476aa53834e27a47729b_mv2.jpg/v1/fill/w_80,h_80,q_70/5f9a03_17e0f40d9299476aa53834e27a47729b_mv2.jpg]
[static.wixstatic.com/media/5f9a03_31011a4728624e2892b642020fd7ce0d_mv2.jpg/v1/fill/w_80,h_80,q_70/5f9a03_31011a4728624e2892b642020fd7ce0d_mv2.jpg]
[static.wixstatic.com/media/5f9a03_607ce69d009748228c5b46c25bb31fdc_mv2.jpg/v1/fill/w_80,h_80,q_70/5f9a03_607ce69d009748228c5b46c25bb31fdc_mv2.jpg]
[static.wixstatic.com/media/5f9a03_7b856a2104f347469014f1a0a804ae1e_mv2.jpg/v1/fill/w_90,h_68,al_c,q_80,usm_0.66_1.00_0.01,blur_2,enc_auto/5f9a03_7b856a2104f347469014f1a0a804ae1e_mv2.jpg]
[static.wixstatic.com/media/5f9a03_fbbf73c014be4f648a452743a73622de_mv2.jpeg/v1/fill/w_288,h_288,q_90/5f9a03_fbbf73c014be4f648a452743a73622de_mv2.jpg]
[static.wixstatic.com/media/5f9a03_fd2152eef92544d7abadc198adcc5fd5_mv2.jpg/v1/fill/w_288,h_288,q_90/5f9a03_fd2152eef92544d7abadc198adcc5fd5_mv2.jpg]
[static.wixstatic.com/media/5f9a03_54706dd45fec4b68940953775f5e4fe2_mv2.jpg/v1/fill/w_288,h_288,q_90/5f9a03_54706dd45fec4b68940953775f5e4fe2_mv2.jpg]
[static.wixstatic.com/media/5f9a03_909bff56b2704d4599ceb252190cf494_mv2.jpg/v1/fill/w_288,h_288,q_90/5f9a03_909bff56b2704d4599ceb252190cf494_mv2.jpg]
[static.wixstatic.com/media/5f9a03_2931fa73d9084e4db6e0866455c12b0e_mv2.jpg/v1/fill/w_288,h_288,q_90/5f9a03_2931fa73d9084e4db6e0866455c12b0e_mv2.jpg]
[static.wixstatic.com/media/5f9a03_1237f2e7d9a84e49997d2a5d80421d24_mv2.jpg/v1/fill/w_288,h_288,q_90/5f9a03_1237f2e7d9a84e49997d2a5d80421d24_mv2.jpg]
[static.wixstatic.com/media/5f9a03_72cf321a2e2c432c8c1b63f7195915c0_mv2.jpg/v1/fill/w_288,h_288,q_90/5f9a03_72cf321a2e2c432c8c1b63f7195915c0_mv2.jpg]
[static.wixstatic.com/media/5f9a03_4b7b71da434548e9ad7b2fefffebf1bc_mv2.jpg/v1/fill/w_288,h_288,q_90/5f9a03_4b7b71da434548e9ad7b2fefffebf1bc_mv2.jpg]
[static.wixstatic.com/media/5f9a03_8bad00f68b3f4a449f4fe5dd15799052_mv2.jpg/v1/fill/w_288,h_288,q_90/5f9a03_8bad00f68b3f4a449f4fe5dd15799052_mv2.jpg]
[static.wixstatic.com/media/5f9a03_8a0bbcb7512640d2a2955d7bc064c179_mv2.jpg/v1/fill/w_288,h_288,q_90/5f9a03_8a0bbcb7512640d2a2955d7bc064c179_mv2.jpg]
[static.wixstatic.com/media/5f9a03_b089664b1dc347e3af56984066e5916e_mv2.jpg/v1/fill/w_288,h_288,q_90/5f9a03_b089664b1dc347e3af56984066e5916e_mv2.jpg]
[static.wixstatic.com/media/5f9a03_796698b20ae1460eaafca992ac51a177_mv2.jpg/v1/fill/w_288,h_288,q_90/5f9a03_796698b20ae1460eaafca992ac51a177_mv2.jpg]
[static.wixstatic.com/media/5f9a03_70041b78987347e49777d5483d33ce31_mv2.jpg/v1/fill/w_288,h_288,q_90/5f9a03_70041b78987347e49777d5483d33ce31_mv2.jpg]
[static.wixstatic.com/media/5f9a03_e0587990538e4d5d88a751ca0260d05d_mv2.jpg/v1/fill/w_288,h_288,q_90/5f9a03_e0587990538e4d5d88a751ca0260d05d_mv2.jpg]
[static.wixstatic.com/media/5f9a03_9745b0be1a8c4f10a3930e149cd85c74_mv2.jpg/v1/fill/w_288,h_288,q_90/5f9a03_9745b0be1a8c4f10a3930e149cd85c74_mv2.jpg]
[www.corbes.eu/kamers.html]
[static.parastorage.com/services/pro-gallery-tpa/1.968.0/WixProGalleryViewerWidget.bundle.min.js]
[static.wixstatic.com/media/5f9a03_c312f89b7dcf412687a985c46c65952b_mv2.jpg/v1/fill/w_288,h_192,al_c,q_80,usm_0.66_1.00_0.01,blur_2,enc_auto/5f9a03_c312f89b7dcf412687a985c46c65952b_mv2.jpg]
[static.wixstatic.com/media/5f9a03_7af6fff0bc314f11bc1583f9d5c3a8c8_mv2.jpg/v1/fill/w_192,h_195,al_c,q_80,usm_0.66_1.00_0.01,enc_auto/icon.jpg]
[static.wixstatic.com/media/5f9a03_1a5180ee4cb54fc29105feb29a14d539_mv2.jpg/v1/fit/w_960,h_720,q_90/5f9a03_1a5180ee4cb54fc29105feb29a14d539_mv2.jpg]
[static.wixstatic.com/media/5f9a03_76ec5a2ced324be7a4345d7a84ffef03_mv2.jpg/v1/fit/w_960,h_720,q_90/5f9a03_76ec5a2ced324be7a4345d7a84ffef03_mv2.jpg]
[static.wixstatic.com/media/5f9a03_5dd523d31c5a41f59b2551a3a3c1d098_mv2.jpg/v1/fit/w_960,h_641,q_90/5f9a03_5dd523d31c5a41f59b2551a3a3c1d098_mv2.jpg]
[static.wixstatic.com/media/5f9a03_1014983de6de4aee854b682182417d45_mv2.jpg/v1/fit/w_960,h_663,q_90/5f9a03_1014983de6de4aee854b682182417d45_mv2.jpg]
[static.wixstatic.com/media/5f9a03_ebd865ff69234644b6150aefe52bbbc0_mv2.jpg/v1/fit/w_480,h_641,q_90/5f9a03_ebd865ff69234644b6150aefe52bbbc0_mv2.jpg]
[static.wixstatic.com/media/5f9a03_cad95d025dbd4c008ebc2dd136ce834a_mv2.jpg/v1/fit/w_960,h_647,q_90/5f9a03_cad95d025dbd4c008ebc2dd136ce834a_mv2.jpg]
[static.wixstatic.com/media/5f9a03_be98a366c2fb442ca863a2db2db3ef2f_mv2.jpg/v1/fit/w_960,h_641,q_90/5f9a03_be98a366c2fb442ca863a2db2db3ef2f_mv2.jpg]
[static.wixstatic.com/media/5f9a03_888a47aee030463c87d516bb15cdd2b4_mv2.jpg/v1/fit/w_960,h_682,q_90/5f9a03_888a47aee030463c87d516bb15cdd2b4_mv2.jpg]
[static.wixstatic.com/media/5f9a03_5e3e4140418746888ddc5addc2e504e0_mv2.jpg/v1/fill/w_103,h_78,al_c,q_80,usm_0.66_1.00_0.01,blur_2,enc_auto/woning1.jpg]
[static.wixstatic.com/media/5f9a03_37489bf0b94e49d4843cc69a387f168a_mv2.jpg/v1/fill/w_90,h_68,al_c,q_80,usm_0.66_1.00_0.01,blur_2,enc_auto/5f9a03_37489bf0b94e49d4843cc69a387f168a_mv2.jpg]
[www.corbes.eu/vakantiehuis.html]
[static.wixstatic.com/media/5f9a03_3f5ca9660417436c98e367676ce3beab_mv2.jpg/v1/fill/w_288,h_216,al_c,q_80,usm_0.66_1.00_0.01,blur_2,enc_auto/5f9a03_3f5ca9660417436c98e367676ce3beab_mv2.jpg]
[static.wixstatic.com/media/5f9a03_ebcc3ed5fd4e41ac90c8fe167697477a_mv2.jpg/v1/fill/w_288,h_288,q_90/5f9a03_ebcc3ed5fd4e41ac90c8fe167697477a_mv2.jpg]
[static.wixstatic.com/media/5f9a03_1a5180ee4cb54fc29105feb29a14d539_mv2.jpg/v1/fill/w_288,h_288,q_90/5f9a03_1a5180ee4cb54fc29105feb29a14d539_mv2.jpg]
[static.wixstatic.com/media/5f9a03_a0c9056e60c048769091789ace253a26_mv2.jpg/v1/fill/w_288,h_288,q_90/5f9a03_a0c9056e60c048769091789ace253a26_mv2.jpg]
[static.wixstatic.com/media/5f9a03_37489bf0b94e49d4843cc69a387f168a_mv2.jpg/v1/fill/w_288,h_288,q_90/5f9a03_37489bf0b94e49d4843cc69a387f168a_mv2.jpg]
[static.wixstatic.com/media/5f9a03_a8125fc2e7e9471caf13c9aa1cce5540_mv2.jpg/v1/fill/w_288,h_288,q_90/5f9a03_a8125fc2e7e9471caf13c9aa1cce5540_mv2.jpg]
[static.wixstatic.com/media/5f9a03_a2f5f967fd8f4c3c985ad896157e7e51_mv2.jpg/v1/fill/w_288,h_288,q_90/5f9a03_a2f5f967fd8f4c3c985ad896157e7e51_mv2.jpg]
[static.wixstatic.com/media/5f9a03_b3045c2c83da4037a5a36d9d4090bd14_mv2.jpg/v1/fill/w_288,h_288,q_90/5f9a03_b3045c2c83da4037a5a36d9d4090bd14_mv2.jpg]
[static.wixstatic.com/media/5f9a03_1e0c830a2c814ad887210fe4a76d0cb8_mv2.jpg/v1/fill/w_288,h_288,q_90/5f9a03_1e0c830a2c814ad887210fe4a76d0cb8_mv2.jpg]
[static.wixstatic.com/media/5f9a03_3f5ca9660417436c98e367676ce3beab_mv2.jpg/v1/fill/w_288,h_288,q_90/5f9a03_3f5ca9660417436c98e367676ce3beab_mv2.jpg]
[static.wixstatic.com/media/5f9a03_76ec5a2ced324be7a4345d7a84ffef03_mv2.jpg/v1/fill/w_288,h_288,q_90/5f9a03_76ec5a2ced324be7a4345d7a84ffef03_mv2.jpg]
[static.wixstatic.com/media/5f9a03_b2c58750efc54f2cae81cbf965da28a9_mv2.jpg/v1/fill/w_288,h_288,q_90/5f9a03_b2c58750efc54f2cae81cbf965da28a9_mv2.jpg]
[static.wixstatic.com/media/5f9a03_67462287fd034a1d9a99bcc08d58b8fa_mv2.jpg/v1/fill/w_288,h_288,q_90/5f9a03_67462287fd034a1d9a99bcc08d58b8fa_mv2.jpg]
[static.wixstatic.com/media/5f9a03_d3c80b3840ac4bcfa53b9e5716151307_mv2.jpg/v1/fill/w_288,h_288,q_90/5f9a03_d3c80b3840ac4bcfa53b9e5716151307_mv2.jpg]
[static.wixstatic.com/media/5f9a03_888a47aee030463c87d516bb15cdd2b4_mv2.jpg/v1/fill/w_288,h_288,q_90/5f9a03_888a47aee030463c87d516bb15cdd2b4_mv2.jpg]
[www.corbes.eu/eventlocatie.html]
[www.corbes.eu/media/emptystate.85a4add5.html]
[www.corbes.eu/feed.html]
[www.corbes.eu/${i.html]
[www.corbes.eu/decodeURIComponent(e.html]
[www.corbes.eu/kamers9ed2.html]
[www.corbes.eu/vakantiehuis9ed2.html]
[www.corbes.eu/eventlocatie9ed2.html]
[www.corbes.eu/kamerse68f.html]
[www.corbes.eu/vakantiehuise68f.html]
[www.corbes.eu/eventlocatiee68f.html]
